<?xml version="1.0" encoding="UTF-8"?>
<!-- Generated by org.testng.reporters.JUnitXMLReporter -->
<testsuite ignored="0" hostname="user1" failures="0" tests="3" name="Test" time="103.63" errors="0" timestamp="2020-03-30T10:23:37 IST">
  <testcase classname="cts.miniproject.test.DdExcelWordpressLogin" name="loginToWordpress" time="43.002"/>
  <testcase classname="cts.miniproject.test.DdExcelWordpressLogin" name="loginToWordpress" time="19.39"/>
  <testcase classname="cts.miniproject.test.DdExcelWordpressLogin" name="loginToWordpress" time="29.04"/>
</testsuite> <!-- Test -->
