<?xml version="1.0" encoding="UTF-8"?>
<testng-results ignored="0" total="3" passed="3" failed="0" skipped="0">
  <reporter-output>
  </reporter-output>
  <suite started-at="2020-03-30T10:21:54 IST" name="Suite" finished-at="2020-03-30T10:23:37 IST" duration-ms="103630">
    <groups>
    </groups>
    <test started-at="2020-03-30T10:21:54 IST" name="Test" finished-at="2020-03-30T10:23:37 IST" duration-ms="103630">
      <class name="cts.miniproject.test.DdExcelWordpressLogin">
        <test-method signature="loginToWordpress(java.lang.String, java.lang.String)[pri:0, instance:cts.miniproject.test.DdExcelWordpressLogin@6d2a209c]" started-at="2020-03-30T10:21:58 IST" name="loginToWordpress" data-provider="wordpress" finished-at="2020-03-30T10:22:41 IST" duration-ms="43002" status="PASS">
          <params>
            <param index="0">
              <value>
                <![CDATA[admin]]>
              </value>
            </param>
            <param index="1">
              <value>
                <![CDATA[demo123]]>
              </value>
            </param>
          </params>
          <reporter-output>
          </reporter-output>
        </test-method> <!-- loginToWordpress -->
        <test-method is-config="true" signature="tearDown()[pri:0, instance:cts.miniproject.test.DdExcelWordpressLogin@6d2a209c]" started-at="2020-03-30T10:22:41 IST" name="tearDown" finished-at="2020-03-30T10:22:43 IST" duration-ms="2053" status="PASS">
          <reporter-output>
          </reporter-output>
        </test-method> <!-- tearDown -->
        <test-method signature="loginToWordpress(java.lang.String, java.lang.String)[pri:0, instance:cts.miniproject.test.DdExcelWordpressLogin@6d2a209c]" started-at="2020-03-30T10:22:43 IST" name="loginToWordpress" data-provider="wordpress" finished-at="2020-03-30T10:23:02 IST" duration-ms="19390" status="PASS">
          <params>
            <param index="0">
              <value>
                <![CDATA[admin]]>
              </value>
            </param>
            <param index="1">
              <value>
                <![CDATA[demo123]]>
              </value>
            </param>
          </params>
          <reporter-output>
          </reporter-output>
        </test-method> <!-- loginToWordpress -->
        <test-method is-config="true" signature="tearDown()[pri:0, instance:cts.miniproject.test.DdExcelWordpressLogin@6d2a209c]" started-at="2020-03-30T10:23:02 IST" name="tearDown" finished-at="2020-03-30T10:23:06 IST" duration-ms="3890" status="PASS">
          <reporter-output>
          </reporter-output>
        </test-method> <!-- tearDown -->
        <test-method signature="loginToWordpress(java.lang.String, java.lang.String)[pri:0, instance:cts.miniproject.test.DdExcelWordpressLogin@6d2a209c]" started-at="2020-03-30T10:23:06 IST" name="loginToWordpress" data-provider="wordpress" finished-at="2020-03-30T10:23:35 IST" duration-ms="29040" status="PASS">
          <params>
            <param index="0">
              <value>
                <![CDATA[admin]]>
              </value>
            </param>
            <param index="1">
              <value>
                <![CDATA[demo123]]>
              </value>
            </param>
          </params>
          <reporter-output>
          </reporter-output>
        </test-method> <!-- loginToWordpress -->
        <test-method is-config="true" signature="tearDown()[pri:0, instance:cts.miniproject.test.DdExcelWordpressLogin@6d2a209c]" started-at="2020-03-30T10:23:35 IST" name="tearDown" finished-at="2020-03-30T10:23:37 IST" duration-ms="2258" status="PASS">
          <reporter-output>
          </reporter-output>
        </test-method> <!-- tearDown -->
      </class> <!-- cts.miniproject.test.DdExcelWordpressLogin -->
    </test> <!-- Test -->
  </suite> <!-- Suite -->
</testng-results>
